# JRE version: Java(TM) SE Runtime Environment (8.0_171-b11) (build 1.8.0_171-b11)
# Java VM: Java HotSpot(TM) 64-Bit Server VM (25.171-b11 mixed mode windows-amd64 compressed oops)
Heap:
 PSYoungGen      total 112640K, used 21804K [0x00000000ebb80000, 0x00000000f5580000, 0x0000000100000000)
  eden space 79872K, 8% used [0x00000000ebb80000,0x00000000ec1c7840,0x00000000f0980000)
  from space 32768K, 46% used [0x00000000f2800000,0x00000000f3703a18,0x00000000f4800000)
  to   space 31232K, 0% used [0x00000000f0980000,0x00000000f0980000,0x00000000f2800000)
 ParOldGen       total 108544K, used 45751K [0x00000000c3200000, 0x00000000c9c00000, 0x00000000ebb80000)
  object space 108544K, 42% used [0x00000000c3200000,0x00000000c5eaded8,0x00000000c9c00000)
 Metaspace       used 3404K, capacity 4664K, committed 4864K, reserved 1056768K
  class space    used 347K, capacity 424K, committed 512K, reserved 1048576K
GC Heap History (10 events):
Event: 7.563 GC heap before
{Heap before GC invocations=4 (full 1):
 PSYoungGen      total 34304K, used 2560K [0x00000000ebb80000, 0x00000000efe80000, 0x0000000100000000)
  eden space 31744K, 0% used [0x00000000ebb80000,0x00000000ebb80000,0x00000000eda80000)
  from space 2560K, 100% used [0x00000000eda80000,0x00000000edd00000,0x00000000edd00000)
  to   space 2560K, 0% used [0x00000000efc00000,0x00000000efc00000,0x00000000efe80000)
 ParOldGen       total 42496K, used 35513K [0x00000000c3200000, 0x00000000c5b80000, 0x00000000ebb80000)
  object space 42496K, 83% used [0x00000000c3200000,0x00000000c54ae7f8,0x00000000c5b80000)
 Metaspace       used 2782K, capacity 4564K, committed 4864K, reserved 1056768K
  class space    used 295K, capacity 388K, committed 512K, reserved 1048576K
Event: 8.363 GC heap after
Heap after GC invocations=4 (full 1):
 PSYoungGen      total 34304K, used 0K [0x00000000ebb80000, 0x00000000efe80000, 0x0000000100000000)
  eden space 31744K, 0% used [0x00000000ebb80000,0x00000000ebb80000,0x00000000eda80000)
  from space 2560K, 0% used [0x00000000eda80000,0x00000000eda80000,0x00000000edd00000)
  to   space 2560K, 0% used [0x00000000efc00000,0x00000000efc00000,0x00000000efe80000)
 ParOldGen       total 80896K, used 37885K [0x00000000c3200000, 0x00000000c8100000, 0x00000000ebb80000)
  object space 80896K, 46% used [0x00000000c3200000,0x00000000c56ff6c8,0x00000000c8100000)
 Metaspace       used 2782K, capacity 4564K, committed 4864K, reserved 1056768K
  class space    used 295K, capacity 388K, committed 512K, reserved 1048576K
}
Event: 9.075 GC heap before
{Heap before GC invocations=5 (full 1):
 PSYoungGen      total 34304K, used 31744K [0x00000000ebb80000, 0x00000000efe80000, 0x0000000100000000)
  eden space 31744K, 100% used [0x00000000ebb80000,0x00000000eda80000,0x00000000eda80000)
  from space 2560K, 0% used [0x00000000eda80000,0x00000000eda80000,0x00000000edd00000)
  to   space 2560K, 0% used [0x00000000efc00000,0x00000000efc00000,0x00000000efe80000)
 ParOldGen       total 80896K, used 37885K [0x00000000c3200000, 0x00000000c8100000, 0x00000000ebb80000)
  object space 80896K, 46% used [0x00000000c3200000,0x00000000c56ff6c8,0x00000000c8100000)
 Metaspace       used 2812K, capacity 4566K, committed 4864K, reserved 1056768K
  class space    used 297K, capacity 390K, committed 512K, reserved 1048576K
Event: 9.134 GC heap after
Heap after GC invocations=5 (full 1):
 PSYoungGen      total 53248K, used 2550K [0x00000000ebb80000, 0x00000000efe80000, 0x0000000100000000)
  eden space 50688K, 0% used [0x00000000ebb80000,0x00000000ebb80000,0x00000000eed00000)
  from space 2560K, 99% used [0x00000000efc00000,0x00000000efe7dba8,0x00000000efe80000)
  to   space 2560K, 0% used [0x00000000ef980000,0x00000000ef980000,0x00000000efc00000)
 ParOldGen       total 80896K, used 52856K [0x00000000c3200000, 0x00000000c8100000, 0x00000000ebb80000)
  object space 80896K, 65% used [0x00000000c3200000,0x00000000c659e238,0x00000000c8100000)
 Metaspace       used 2812K, capacity 4566K, committed 4864K, reserved 1056768K
  class space    used 297K, capacity 390K, committed 512K, reserved 1048576K
}
Event: 10.871 GC heap before
{Heap before GC invocations=6 (full 1):
 PSYoungGen      total 53248K, used 53238K [0x00000000ebb80000, 0x00000000efe80000, 0x0000000100000000)
  eden space 50688K, 100% used [0x00000000ebb80000,0x00000000eed00000,0x00000000eed00000)
  from space 2560K, 99% used [0x00000000efc00000,0x00000000efe7dba8,0x00000000efe80000)
  to   space 2560K, 0% used [0x00000000ef980000,0x00000000ef980000,0x00000000efc00000)
 ParOldGen       total 80896K, used 52856K [0x00000000c3200000, 0x00000000c8100000, 0x00000000ebb80000)
  object space 80896K, 65% used [0x00000000c3200000,0x00000000c659e238,0x00000000c8100000)
 Metaspace       used 3218K, capacity 4664K, committed 4864K, reserved 1056768K
  class space    used 337K, capacity 424K, committed 512K, reserved 1048576K
Event: 10.945 GC heap after
Heap after GC invocations=6 (full 1):
 PSYoungGen      total 66048K, used 2560K [0x00000000ebb80000, 0x00000000f4800000, 0x0000000100000000)
  eden space 63488K, 0% used [0x00000000ebb80000,0x00000000ebb80000,0x00000000ef980000)
  from space 2560K, 100% used [0x00000000ef980000,0x00000000efc00000,0x00000000efc00000)
  to   space 32768K, 0% used [0x00000000f2800000,0x00000000f2800000,0x00000000f4800000)
 ParOldGen       total 81920K, used 80920K [0x00000000c3200000, 0x00000000c8200000, 0x00000000ebb80000)
  object space 81920K, 98% used [0x00000000c3200000,0x00000000c81060d0,0x00000000c8200000)
 Metaspace       used 3218K, capacity 4664K, committed 4864K, reserved 1056768K
  class space    used 337K, capacity 424K, committed 512K, reserved 1048576K
}
Event: 10.945 GC heap before
{Heap before GC invocations=7 (full 2):
 PSYoungGen      total 66048K, used 2560K [0x00000000ebb80000, 0x00000000f4800000, 0x0000000100000000)
  eden space 63488K, 0% used [0x00000000ebb80000,0x00000000ebb80000,0x00000000ef980000)
  from space 2560K, 100% used [0x00000000ef980000,0x00000000efc00000,0x00000000efc00000)
  to   space 32768K, 0% used [0x00000000f2800000,0x00000000f2800000,0x00000000f4800000)
 ParOldGen       total 81920K, used 80920K [0x00000000c3200000, 0x00000000c8200000, 0x00000000ebb80000)
  object space 81920K, 98% used [0x00000000c3200000,0x00000000c81060d0,0x00000000c8200000)
 Metaspace       used 3218K, capacity 4664K, committed 4864K, reserved 1056768K
  class space    used 337K, capacity 424K, committed 512K, reserved 1048576K
Event: 11.301 GC heap after
Heap after GC invocations=7 (full 2):
 PSYoungGen      total 66048K, used 0K [0x00000000ebb80000, 0x00000000f4800000, 0x0000000100000000)
  eden space 63488K, 0% used [0x00000000ebb80000,0x00000000ebb80000,0x00000000ef980000)
  from space 2560K, 0% used [0x00000000ef980000,0x00000000ef980000,0x00000000efc00000)
  to   space 32768K, 0% used [0x00000000f2800000,0x00000000f2800000,0x00000000f4800000)
 ParOldGen       total 108544K, used 45751K [0x00000000c3200000, 0x00000000c9c00000, 0x00000000ebb80000)
  object space 108544K, 42% used [0x00000000c3200000,0x00000000c5eaded8,0x00000000c9c00000)
 Metaspace       used 3218K, capacity 4664K, committed 4864K, reserved 1056768K
  class space    used 337K, capacity 424K, committed 512K, reserved 1048576K
}
Event: 11.713 GC heap before
{Heap before GC invocations=8 (full 2):
 PSYoungGen      total 66048K, used 61839K [0x00000000ebb80000, 0x00000000f4800000, 0x0000000100000000)
  eden space 63488K, 97% used [0x00000000ebb80000,0x00000000ef7e3c00,0x00000000ef980000)
  from space 2560K, 0% used [0x00000000ef980000,0x00000000ef980000,0x00000000efc00000)
  to   space 32768K, 0% used [0x00000000f2800000,0x00000000f2800000,0x00000000f4800000)
 ParOldGen       total 108544K, used 45751K [0x00000000c3200000, 0x00000000c9c00000, 0x00000000ebb80000)
  object space 108544K, 42% used [0x00000000c3200000,0x00000000c5eaded8,0x00000000c9c00000)
 Metaspace       used 3399K, capacity 4664K, committed 4864K, reserved 1056768K
  class space    used 347K, capacity 424K, committed 512K, reserved 1048576K
Event: 11.776 GC heap after
Heap after GC invocations=8 (full 2):
 PSYoungGen      total 112640K, used 15374K [0x00000000ebb80000, 0x00000000f5580000, 0x0000000100000000)
  eden space 79872K, 0% used [0x00000000ebb80000,0x00000000ebb80000,0x00000000f0980000)
  from space 32768K, 46% used [0x00000000f2800000,0x00000000f3703a18,0x00000000f4800000)
  to   space 31232K, 0% used [0x00000000f0980000,0x00000000f0980000,0x00000000f2800000)
 ParOldGen       total 108544K, used 45751K [0x00000000c3200000, 0x00000000c9c00000, 0x00000000ebb80000)
  object space 108544K, 42% used [0x00000000c3200000,0x00000000c5eaded8,0x00000000c9c00000)
 Metaspace       used 3399K, capacity 4664K, committed 4864K, reserved 1056768K
  class space    used 347K, capacity 424K, committed 512K, reserved 1048576K
}

